2022/03/10 11:25:14 [notice] 11196#13452: signal process started
2022/03/10 11:25:14 [error] 11196#13452: OpenEvent("Global\ngx_quit_8640") failed (2: El sistema no puede encontrar el archivo especificado)
2022/03/10 13:47:09 [notice] 6204#2380: signal process started
2022/03/10 13:47:09 [error] 6204#2380: OpenEvent("Global\ngx_quit_952") failed (2: El sistema no puede encontrar el archivo especificado)
2022/03/16 09:21:42 [notice] 4752#2668: signal process started
2022/03/16 09:21:42 [error] 4752#2668: OpenEvent("Global\ngx_quit_76") failed (2: El sistema no puede encontrar el archivo especificado)
2022/03/16 09:24:29 [notice] 6064#3404: signal process started
2022/03/16 12:46:24 [notice] 7448#4436: signal process started
2022/03/16 12:46:24 [error] 7448#4436: CreateFile() "C:\Users\Jose\Desktop\TAI\nginx-1.21.6/logs/nginx.pid" failed (2: El sistema no puede encontrar el archivo especificado)
2022/03/17 21:12:19 [notice] 1724#9252: signal process started
2022/03/17 21:12:19 [error] 1724#9252: OpenEvent("Global\ngx_quit_2900") failed (2: El sistema no puede encontrar el archivo especificado)
2022/04/05 09:41:36 [notice] 9532#9528: signal process started
2022/04/05 09:41:36 [error] 9532#9528: OpenEvent("Global\ngx_quit_10912") failed (2: El sistema no puede encontrar el archivo especificado)
2022/04/05 09:42:49 [notice] 4216#3280: signal process started
2022/04/05 10:34:15 [notice] 5484#9080: signal process started
2022/04/05 10:34:15 [error] 5484#9080: OpenEvent("Global\ngx_quit_10936") failed (2: El sistema no puede encontrar el archivo especificado)
2022/04/05 10:37:38 [notice] 796#10340: signal process started
2022/04/05 10:41:32 [notice] 1120#9908: signal process started
2022/04/05 10:41:32 [error] 1120#9908: CreateFile() "C:\Users\Jose\Desktop\TAI\nginx-1.21.6/logs/nginx.pid" failed (2: El sistema no puede encontrar el archivo especificado)
2022/04/05 11:20:57 [notice] 3000#8112: signal process started
2022/04/05 11:20:57 [error] 3000#8112: OpenEvent("Global\ngx_quit_2044") failed (2: El sistema no puede encontrar el archivo especificado)
2022/04/19 09:22:03 [notice] 11388#7436: signal process started
2022/04/19 09:22:03 [error] 11388#7436: OpenEvent("Global\ngx_quit_2144") failed (2: El sistema no puede encontrar el archivo especificado)
2022/04/19 09:55:30 [notice] 13684#2116: signal process started
2022/04/19 09:55:30 [error] 13684#2116: OpenEvent("Global\ngx_quit_2832") failed (2: El sistema no puede encontrar el archivo especificado)
2022/04/19 10:04:19 [notice] 3008#7568: signal process started
2022/04/19 10:05:59 [error] 7368#12084: *1 rewrite or internal redirection cycle while internally redirecting to "/index.html", client: 127.0.0.1, server: localhost, request: "GET /tai/31/test HTTP/1.1", host: "localhost"
2022/04/19 10:06:01 [error] 7368#12084: *2 rewrite or internal redirection cycle while internally redirecting to "/index.html", client: 127.0.0.1, server: localhost, request: "GET /tai/31/test HTTP/1.1", host: "localhost"
2022/04/19 10:07:57 [notice] 6708#9900: signal process started
2022/04/19 10:07:57 [error] 6708#9900: CreateFile() "C:\Users\Jose\Documents\Sociograph\tai\nginx-1.21.6/logs/nginx.pid" failed (2: El sistema no puede encontrar el archivo especificado)
2022/04/19 10:09:07 [notice] 8840#12404: signal process started
2022/04/19 10:09:07 [error] 8840#12404: CreateFile() "C:\Users\Jose\Documents\Sociograph\tai\nginx-1.21.6/logs/nginx.pid" failed (2: El sistema no puede encontrar el archivo especificado)
2022/04/19 10:12:28 [notice] 13540#8924: signal process started
2022/04/19 10:12:28 [error] 13540#8924: OpenEvent("Global\ngx_quit_3440") failed (2: El sistema no puede encontrar el archivo especificado)
2022/04/19 10:31:07 [notice] 5240#10492: signal process started
2022/04/19 10:31:07 [error] 5240#10492: OpenEvent("Global\ngx_quit_1480") failed (2: El sistema no puede encontrar el archivo especificado)
2022/04/19 10:38:19 [notice] 6436#12532: signal process started
2022/04/19 10:38:19 [error] 6436#12532: OpenEvent("Global\ngx_quit_4776") failed (2: El sistema no puede encontrar el archivo especificado)
